SF:lib\models\deck.model.dart
DA:18,1
DA:24,1
DA:29,1
DA:30,1
DA:31,1
DA:32,1
LF:6
LH:6
end_of_record
SF:lib\models\question.model.dart
DA:14,1
LF:1
LH:1
end_of_record
SF:lib\repositories\deck.repository.dart
DA:8,1
DA:12,1
DA:13,1
DA:14,7
DA:18,1
DA:19,1
DA:20,4
DA:23,1
DA:24,1
DA:25,3
LF:10
LH:10
end_of_record
SF:lib\repositories\question.repository.dart
DA:8,1
DA:10,1
DA:11,1
DA:12,4
DA:13,1
DA:16,1
DA:20,1
DA:21,1
DA:22,3
LF:9
LH:9
end_of_record
SF:lib\pages\decks\decks.store.dart
DA:20,1
DA:22,1
DA:24,2
DA:25,2
DA:38,1
DA:40,3
DA:41,1
DA:42,2
DA:44,3
DA:47,2
DA:49,1
DA:52,1
DA:54,1
DA:56,2
DA:58,1
DA:59,3
DA:63,1
DA:65,2
DA:67,1
DA:70,1
DA:72,1
DA:74,2
DA:76,1
DA:78,5
DA:80,1
LF:25
LH:25
end_of_record
SF:lib\pages\decks\widgets\deck_list.widget.dart
DA:12,1
DA:17,1
DA:21,2
DA:22,1
DA:23,2
DA:27,2
DA:30,1
DA:32,1
DA:33,3
DA:34,1
DA:35,3
DA:36,1
DA:37,2
DA:41,4
DA:42,1
DA:49,1
DA:51,1
DA:52,1
DA:53,1
DA:62,1
DA:63,6
LF:21
LH:21
end_of_record
SF:lib\pages\decks\widgets\empty_decks.widget.dart
DA:6,1
DA:11,1
DA:13,1
DA:15,1
DA:17,1
DA:18,1
DA:19,1
DA:23,1
DA:26,1
DA:27,1
DA:30,1
DA:31,1
LF:12
LH:12
end_of_record
SF:lib\pages\new_deck\new_deck.page.dart
DA:5,1
DA:7,1
DA:8,1
DA:14,1
DA:16,2
DA:17,1
DA:20,1
DA:22,1
DA:23,1
DA:29,1
DA:31,1
DA:33,1
DA:45,1
DA:46,1
DA:47,1
DA:53,1
DA:56,1
DA:57,1
DA:58,1
DA:61,1
DA:62,3
DA:63,4
LF:22
LH:22
end_of_record
SF:lib\pages\add_question\add_question.page.dart
DA:9,1
DA:11,1
DA:12,1
DA:20,1
DA:22,2
DA:23,2
DA:24,1
DA:27,1
DA:28,2
DA:29,2
DA:31,2
DA:32,2
DA:35,2
DA:38,1
DA:39,3
DA:43,1
DA:45,1
DA:46,1
DA:52,1
DA:54,1
DA:55,1
DA:56,1
DA:57,1
DA:58,1
DA:64,1
DA:65,1
DA:66,1
DA:73,1
DA:76,1
DA:77,1
DA:78,1
DA:79,1
DA:80,1
DA:83,3
DA:84,2
LF:35
LH:35
end_of_record
SF:lib\pages\add_question\add_question.store.dart
DA:15,1
DA:20,1
DA:22,2
DA:24,1
DA:25,3
DA:30,1
DA:35,1
LF:7
LH:7
end_of_record
SF:lib\widgets\custom_input\custom_input.widget.dart
DA:8,1
DA:17,1
DA:19,1
DA:20,1
DA:21,1
DA:23,1
DA:32,1
LF:7
LH:7
end_of_record
SF:lib\pages\deck_detail\deck_detail.page.dart
DA:12,1
DA:16,2
DA:19,1
DA:21,1
DA:22,1
DA:23,2
DA:24,3
DA:27,4
DA:29,1
DA:30,1
DA:31,1
DA:32,1
DA:34,1
DA:36,1
DA:37,1
DA:38,3
DA:47,1
DA:48,1
DA:49,1
DA:50,5
DA:60,1
DA:62,1
DA:63,1
DA:64,2
DA:66,2
LF:25
LH:25
end_of_record
SF:lib\pages\deck_detail\deck_detail.store.dart
DA:14,1
DA:16,1
DA:22,1
DA:24,3
DA:25,1
DA:26,3
LF:6
LH:6
end_of_record
SF:lib\pages\deck_detail\widgets\add_question_button.widget.dart
DA:10,1
DA:14,1
DA:16,1
DA:17,2
DA:18,1
DA:19,2
DA:20,3
DA:26,2
DA:30,1
DA:32,1
DA:35,1
DA:36,1
DA:37,1
DA:43,2
LF:14
LH:14
end_of_record
SF:lib\pages\deck_detail\widgets\start_quiz_button.widget.dart
DA:9,1
DA:12,1
DA:14,1
DA:16,1
DA:19,1
DA:20,1
DA:21,1
DA:24,1
DA:25,2
DA:26,1
DA:27,4
LF:11
LH:11
end_of_record
SF:lib\pages\quiz\quiz.page.dart
DA:12,1
DA:13,3
DA:16,1
DA:18,1
DA:19,1
DA:21,4
DA:23,1
DA:25,1
DA:26,1
DA:27,2
DA:28,3
DA:29,2
LF:12
LH:12
end_of_record
SF:lib\pages\quiz\quiz.store.dart
DA:23,2
DA:25,1
DA:26,2
DA:28,1
DA:30,2
DA:32,6
DA:33,1
DA:35,2
DA:36,1
LF:9
LH:9
end_of_record
SF:lib\pages\quiz\widgets\content_quiz.widget.dart
DA:10,1
DA:12,1
DA:14,1
DA:15,1
DA:17,1
DA:18,1
DA:20,1
DA:21,1
DA:22,1
DA:23,8
DA:31,1
DA:32,1
DA:34,1
DA:35,1
DA:36,1
DA:37,1
DA:38,2
DA:39,7
DA:40,7
DA:52,1
DA:53,1
DA:56,2
DA:57,2
DA:58,1
DA:59,3
DA:65,1
DA:66,1
DA:69,3
DA:74,1
DA:75,1
DA:78,3
LF:31
LH:31
end_of_record
SF:lib\pages\quiz\widgets\result_quiz.widget.dart
DA:5,1
DA:10,1
DA:12,1
DA:13,1
DA:15,1
DA:16,1
DA:17,2
DA:27,1
DA:28,1
DA:29,1
DA:32,3
LF:11
LH:11
end_of_record
SF:lib\pages\quiz\widgets\quiz_answer_button.widget.dart
DA:7,1
DA:14,1
DA:16,1
DA:19,1
DA:20,1
DA:21,1
DA:23,1
DA:24,1
DA:25,1
LF:9
LH:9
end_of_record