SF:lib\stores\shopping_cart.store.dart
DA:15,1
DA:17,6
DA:21,2
LF:3
LH:3
end_of_record
SF:lib\pages\products.page.dart
DA:13,1
DA:14,2
DA:17,1
DA:19,1
DA:20,1
DA:21,1
DA:26,1
DA:27,1
DA:28,1
DA:29,1
DA:30,1
DA:31,1
DA:32,2
DA:36,1
DA:37,3
DA:38,1
DA:39,3
DA:40,1
LF:18
LH:18
end_of_record
SF:lib\stores\products.store.dart
DA:18,1
DA:20,1
DA:22,2
DA:24,1
DA:26,1
DA:28,2
DA:31,2
DA:32,3
DA:36,2
DA:38,1
LF:10
LH:10
end_of_record
SF:lib\models\product.model.dart
DA:7,1
LF:1
LH:1
end_of_record
SF:lib\widgets\appbar_content.widget.dart
DA:8,1
DA:12,1
DA:14,1
DA:15,1
DA:16,1
LF:5
LH:5
end_of_record
SF:lib\widgets\filter_result.widget.dart
DA:10,1
DA:14,1
DA:16,1
DA:19,1
DA:21,1
DA:23,1
DA:24,2
DA:25,1
DA:26,4
DA:29,1
DA:30,1
DA:31,1
DA:32,1
DA:33,1
DA:35,1
DA:36,1
DA:39,1
DA:41,1
LF:18
LH:18
end_of_record
SF:lib\widgets\product_item.widget.dart
DA:11,1
DA:16,1
DA:17,2
DA:18,2
DA:20,2
DA:21,1
DA:22,1
DA:30,2
DA:38,1
DA:40,1
DA:42,1
DA:45,1
DA:47,1
DA:48,1
DA:49,1
DA:51,1
DA:52,1
DA:54,1
DA:55,1
DA:61,1
DA:63,1
DA:65,1
DA:66,3
DA:70,1
DA:71,3
DA:80,1
DA:81,1
DA:83,1
DA:84,1
DA:86,5
DA:121,1
DA:123,2
DA:130,1
DA:134,1
DA:135,1
DA:139,1
DA:141,1
DA:142,2
LF:38
LH:38
end_of_record
SF:lib\pages\shopping_cart.page.dart
DA:8,1
DA:10,1
DA:12,1
DA:13,1
DA:14,2
DA:15,3
DA:19,3
DA:20,1
DA:21,1
DA:24,1
DA:27,1
DA:28,3
DA:29,1
DA:30,3
DA:31,1
DA:32,4
LF:16
LH:16
end_of_record
SF:lib\widgets\address_search.widget.dart
DA:4,1
DA:8,1
DA:10,1
LF:3
LH:3
end_of_record
SF:lib\widgets\search_products.widget.dart
DA:4,1
DA:8,1
DA:10,1
DA:11,1
DA:13,1
DA:14,1
DA:18,1
DA:19,1
LF:8
LH:8
end_of_record
SF:lib\widgets\shopping_cart_icon.widget.dart
DA:9,1
DA:13,1
DA:15,1
DA:16,1
DA:17,2
DA:18,1
DA:19,2
DA:23,1
DA:24,1
DA:25,1
DA:26,4
LF:11
LH:11
end_of_record