SF:lib\main.dart
DA:5,1
DA:6,1
DA:10,1
DA:12,1
DA:14,1
DA:16,1
LF:6
LH:6
end_of_record
SF:lib\pages\shopping_list.page.dart
DA:11,1
DA:13,1
DA:14,1
DA:20,1
DA:22,1
DA:23,1
DA:27,1
DA:28,1
DA:29,1
DA:38,2
DA:40,1
DA:45,2
DA:46,1
DA:47,1
DA:48,4
DA:49,2
DA:50,1
DA:51,2
DA:56,1
DA:58,1
DA:65,1
DA:66,3
DA:67,1
DA:68,2
DA:75,2
DA:76,2
DA:77,2
DA:82,1
DA:83,2
DA:84,2
DA:88,1
DA:89,3
DA:90,2
DA:94,2
DA:95,3
LF:35
LH:35
end_of_record
SF:lib\models\item_list.model.dart
DA:6,1
LF:1
LH:1
end_of_record
SF:lib\models\shopping_list.model.dart
DA:7,1
DA:9,1
DA:11,1
DA:12,5
LF:4
LH:4
end_of_record
SF:lib\pages\add_shopping_list.page.dart
DA:4,1
DA:6,1
DA:7,1
DA:13,1
DA:15,2
DA:16,1
DA:19,1
DA:21,1
DA:23,1
DA:24,1
DA:29,1
DA:30,1
DA:31,1
DA:32,1
DA:33,1
DA:35,1
DA:49,1
DA:50,1
DA:51,1
DA:52,1
DA:57,1
DA:58,1
DA:69,1
DA:70,1
DA:72,1
DA:73,1
DA:74,1
DA:75,1
DA:81,2
DA:83,1
DA:84,2
DA:95,1
DA:96,1
DA:98,1
DA:99,1
DA:100,1
DA:105,1
DA:106,3
DA:107,4
LF:39
LH:39
end_of_record
SF:lib\pages\item_list.page.dart
DA:12,1
DA:14,1
DA:15,1
DA:21,1
DA:22,1
DA:23,3
DA:24,4
DA:27,1
DA:28,1
DA:29,3
DA:30,4
DA:33,1
DA:35,1
DA:37,2
DA:38,5
DA:42,1
DA:43,1
DA:44,1
DA:46,1
DA:50,2
DA:51,2
DA:56,1
DA:58,1
DA:59,1
DA:60,1
DA:61,1
DA:62,1
DA:65,1
DA:66,3
DA:79,1
DA:81,1
DA:82,1
DA:83,1
DA:85,1
DA:86,3
DA:96,1
DA:98,2
DA:99,1
DA:100,2
DA:101,1
DA:103,1
DA:104,2
DA:105,2
DA:111,1
DA:112,1
DA:113,1
DA:118,1
DA:119,1
DA:121,1
LF:49
LH:49
end_of_record
SF:lib\widgets\item_tile.widget.dart
DA:7,1
DA:13,1
DA:14,1
DA:18,1
DA:20,1
DA:21,1
DA:22,1
DA:25,1
DA:26,1
DA:31,3
DA:32,4
DA:35,1
DA:36,3
DA:37,1
DA:39,3
DA:43,1
DA:44,6
LF:17
LH:17
end_of_record
SF:lib\widgets\add_item_list.widget.dart
DA:6,1
DA:8,1
DA:9,1
DA:18,1
DA:20,2
DA:21,2
DA:22,1
DA:25,1
DA:26,3
DA:32,3
DA:33,1
DA:34,4
DA:38,1
DA:39,2
DA:43,3
DA:46,1
DA:48,1
DA:49,1
DA:50,1
DA:54,3
DA:56,1
DA:57,1
DA:58,1
DA:60,1
DA:61,1
DA:63,1
DA:71,1
DA:72,1
DA:73,2
DA:85,1
DA:86,1
DA:87,1
DA:93,1
DA:94,1
DA:100,1
DA:101,1
DA:102,1
DA:109,1
DA:110,1
DA:113,1
DA:115,1
DA:116,1
DA:117,1
DA:118,1
LF:44
LH:44
end_of_record
SF:lib\widgets\summary_values.widget.dart
DA:4,1
DA:13,1
DA:15,1
DA:16,1
DA:17,1
DA:19,1
DA:26,1
DA:27,4
DA:38,1
DA:40,1
DA:47,1
DA:48,4
LF:12
LH:12
end_of_record
SF:lib\widgets\card_shopping_cart.widget.dart
DA:6,1
DA:8,1
DA:10,1
DA:11,1
DA:12,1
DA:17,1
DA:18,1
DA:19,1
DA:21,1
DA:22,1
DA:23,2
DA:28,1
DA:29,6
DA:40,1
DA:42,3
DA:44,6
LF:16
LH:16
end_of_record
SF:lib\widgets\empty_shopping_list.widget.dart
DA:4,1
DA:6,1
DA:8,1
DA:11,1
DA:12,1
LF:5
LH:5
end_of_record
